{"total": {"lines":{"total":314,"covered":309,"skipped":0,"pct":98.4},"statements":{"total":314,"covered":309,"skipped":0,"pct":98.4},"functions":{"total":31,"covered":31,"skipped":0,"pct":100},"branches":{"total":81,"covered":70,"skipped":0,"pct":86.41},"branchesTrue":{"total":0,"covered":0,"skipped":0,"pct":100}}
,"/Users/chenlv/Project/MeetMind/apps/desktop/src/api/rpcClient.ts": {"lines":{"total":22,"covered":22,"skipped":0,"pct":100},"functions":{"total":1,"covered":1,"skipped":0,"pct":100},"statements":{"total":22,"covered":22,"skipped":0,"pct":100},"branches":{"total":4,"covered":4,"skipped":0,"pct":100}}
,"/Users/chenlv/Project/MeetMind/apps/desktop/src/api/sseClient.ts": {"lines":{"total":39,"covered":39,"skipped":0,"pct":100},"functions":{"total":2,"covered":2,"skipped":0,"pct":100},"statements":{"total":39,"covered":39,"skipped":0,"pct":100},"branches":{"total":11,"covered":11,"skipped":0,"pct":100}}
,"/Users/chenlv/Project/MeetMind/apps/desktop/src/stores/chat.ts": {"lines":{"total":152,"covered":150,"skipped":0,"pct":98.68},"functions":{"total":16,"covered":16,"skipped":0,"pct":100},"statements":{"total":152,"covered":150,"skipped":0,"pct":98.68},"branches":{"total":42,"covered":34,"skipped":0,"pct":80.95}}
,"/Users/chenlv/Project/MeetMind/apps/desktop/src/stores/sessions.ts": {"lines":{"total":56,"covered":56,"skipped":0,"pct":100},"functions":{"total":6,"covered":6,"skipped":0,"pct":100},"statements":{"total":56,"covered":56,"skipped":0,"pct":100},"branches":{"total":11,"covered":10,"skipped":0,"pct":90.9}}
,"/Users/chenlv/Project/MeetMind/apps/desktop/src/stores/ui.ts": {"lines":{"total":33,"covered":30,"skipped":0,"pct":90.9},"functions":{"total":5,"covered":5,"skipped":0,"pct":100},"statements":{"total":33,"covered":30,"skipped":0,"pct":90.9},"branches":{"total":11,"covered":9,"skipped":0,"pct":81.81}}
,"/Users/chenlv/Project/MeetMind/apps/desktop/src/theme/agentColors.ts": {"lines":{"total":12,"covered":12,"skipped":0,"pct":100},"functions":{"total":1,"covered":1,"skipped":0,"pct":100},"statements":{"total":12,"covered":12,"skipped":0,"pct":100},"branches":{"total":2,"covered":2,"skipped":0,"pct":100}}
}
