{"total": {"lines":{"total":585,"covered":573,"skipped":0,"pct":97.94},"statements":{"total":585,"covered":573,"skipped":0,"pct":97.94},"functions":{"total":42,"covered":42,"skipped":0,"pct":100},"branches":{"total":166,"covered":150,"skipped":0,"pct":90.36},"branchesTrue":{"total":0,"covered":0,"skipped":0,"pct":100}}
,"/Users/chenlv/Project/MeetMind/apps/runtime/src/config/constants.ts": {"lines":{"total":17,"covered":17,"skipped":0,"pct":100},"functions":{"total":1,"covered":1,"skipped":0,"pct":100},"statements":{"total":17,"covered":17,"skipped":0,"pct":100},"branches":{"total":1,"covered":1,"skipped":0,"pct":100}}
,"/Users/chenlv/Project/MeetMind/apps/runtime/src/config/settings.ts": {"lines":{"total":70,"covered":68,"skipped":0,"pct":97.14},"functions":{"total":3,"covered":3,"skipped":0,"pct":100},"statements":{"total":70,"covered":68,"skipped":0,"pct":97.14},"branches":{"total":11,"covered":9,"skipped":0,"pct":81.81}}
,"/Users/chenlv/Project/MeetMind/apps/runtime/src/database/chatStore.ts": {"lines":{"total":120,"covered":120,"skipped":0,"pct":100},"functions":{"total":11,"covered":11,"skipped":0,"pct":100},"statements":{"total":120,"covered":120,"skipped":0,"pct":100},"branches":{"total":20,"covered":17,"skipped":0,"pct":85}}
,"/Users/chenlv/Project/MeetMind/apps/runtime/src/database/constants.ts": {"lines":{"total":4,"covered":4,"skipped":0,"pct":100},"functions":{"total":1,"covered":1,"skipped":0,"pct":100},"statements":{"total":4,"covered":4,"skipped":0,"pct":100},"branches":{"total":1,"covered":1,"skipped":0,"pct":100}}
,"/Users/chenlv/Project/MeetMind/apps/runtime/src/database/splitters.ts": {"lines":{"total":107,"covered":107,"skipped":0,"pct":100},"functions":{"total":8,"covered":8,"skipped":0,"pct":100},"statements":{"total":107,"covered":107,"skipped":0,"pct":100},"branches":{"total":29,"covered":25,"skipped":0,"pct":86.2}}
,"/Users/chenlv/Project/MeetMind/apps/runtime/src/graph/route.ts": {"lines":{"total":18,"covered":18,"skipped":0,"pct":100},"functions":{"total":1,"covered":1,"skipped":0,"pct":100},"statements":{"total":18,"covered":18,"skipped":0,"pct":100},"branches":{"total":8,"covered":7,"skipped":0,"pct":87.5}}
,"/Users/chenlv/Project/MeetMind/apps/runtime/src/server/rpc.ts": {"lines":{"total":114,"covered":104,"skipped":0,"pct":91.22},"functions":{"total":3,"covered":3,"skipped":0,"pct":100},"statements":{"total":114,"covered":104,"skipped":0,"pct":91.22},"branches":{"total":49,"covered":43,"skipped":0,"pct":87.75}}
,"/Users/chenlv/Project/MeetMind/apps/runtime/src/utils/utils.ts": {"lines":{"total":135,"covered":135,"skipped":0,"pct":100},"functions":{"total":14,"covered":14,"skipped":0,"pct":100},"statements":{"total":135,"covered":135,"skipped":0,"pct":100},"branches":{"total":47,"covered":47,"skipped":0,"pct":100}}
}
